<?xml version="1.0" encoding="UTF-8"?>
<!-- Generated by org.testng.reporters.JUnitReportReporter -->
<testsuite skipped="0" hostname="ashish" name="com.technocredits.LoginTest" tests="3" failures="0" timestamp="2020-01-03T00:42:09 IST" time="7.064" errors="0">
  <testcase name="loginData" time="4.123" classname="com.technocredits.LoginTest"/>
  <testcase name="loginData" time="1.515" classname="com.technocredits.LoginTest"/>
  <testcase name="loginData" time="1.426" classname="com.technocredits.LoginTest"/>
</testsuite> <!-- com.technocredits.LoginTest -->
